ERROR - 2021-02-02 06:56:07 --> Error connecting to the database: Call to undefined function CodeIgniter\Database\MySQLi\mysqli_init()
ERROR - 2021-02-02 06:58:03 --> Error connecting to the database: Call to undefined function CodeIgniter\Database\MySQLi\mysqli_init()
ERROR - 2021-02-02 07:00:20 --> Error connecting to the database: Call to undefined function CodeIgniter\Database\MySQLi\mysqli_init()
ERROR - 2021-02-02 07:00:42 --> Error connecting to the database: Call to undefined function CodeIgniter\Database\MySQLi\mysqli_init()
ERROR - 2021-02-02 07:04:01 --> Error connecting to the database: Call to undefined function CodeIgniter\Database\MySQLi\mysqli_init()
ERROR - 2021-02-02 07:05:49 --> Error connecting to the database: Call to undefined function CodeIgniter\Database\MySQLi\mysqli_init()
ERROR - 2021-02-02 07:15:31 --> Error connecting to the database: Call to undefined function CodeIgniter\Database\MySQLi\mysqli_init()
ERROR - 2021-02-02 07:19:28 --> Error connecting to the database: Call to undefined function CodeIgniter\Database\MySQLi\mysqli_init()
ERROR - 2021-02-02 07:24:35 --> Error connecting to the database: Call to undefined function CodeIgniter\Database\MySQLi\mysqli_init()
ERROR - 2021-02-02 07:25:40 --> Error connecting to the database: Call to undefined function CodeIgniter\Database\MySQLi\mysqli_init()
ERROR - 2021-02-02 07:27:38 --> Error connecting to the database: Call to undefined function CodeIgniter\Database\MySQLi\mysqli_init()
CRITICAL - 2021-02-02 07:27:38 --> Unable to connect to the database.
#0 /var/www/todo/vendor/codeigniter4/framework/system/Database/BaseConnection.php(618): CodeIgniter\Database\BaseConnection->initialize()
#1 /var/www/todo/vendor/codeigniter4/framework/system/Database/BaseConnection.php(1532): CodeIgniter\Database\BaseConnection->query('SHOW TABLES FRO...')
#2 /var/www/todo/vendor/codeigniter4/framework/system/Database/BaseConnection.php(1575): CodeIgniter\Database\BaseConnection->listTables()
#3 /var/www/todo/vendor/codeigniter4/framework/system/Database/MigrationRunner.php(941): CodeIgniter\Database\BaseConnection->tableExists('migrations')
#4 /var/www/todo/vendor/codeigniter4/framework/system/Database/MigrationRunner.php(789): CodeIgniter\Database\MigrationRunner->ensureTable()
#5 /var/www/todo/vendor/codeigniter4/framework/system/Commands/Database/MigrateStatus.php(118): CodeIgniter\Database\MigrationRunner->getHistory('')
#6 /var/www/todo/vendor/codeigniter4/framework/system/CLI/Commands.php(70): CodeIgniter\Commands\Database\MigrateStatus->run(Array)
#7 /var/www/todo/vendor/codeigniter4/framework/system/CLI/CommandRunner.php(80): CodeIgniter\CLI\Commands->run('migrate:status', Array)
#8 /var/www/todo/vendor/codeigniter4/framework/system/CLI/CommandRunner.php(58): CodeIgniter\CLI\CommandRunner->index(Array)
#9 /var/www/todo/vendor/codeigniter4/framework/system/CodeIgniter.php(932): CodeIgniter\CLI\CommandRunner->_remap('index', 'migrate:status')
#10 /var/www/todo/vendor/codeigniter4/framework/system/CodeIgniter.php(432): CodeIgniter\CodeIgniter->runController(Object(CodeIgniter\CLI\CommandRunner))
#11 /var/www/todo/vendor/codeigniter4/framework/system/CodeIgniter.php(333): CodeIgniter\CodeIgniter->handleRequest(NULL, Object(Config\Cache), false)
#12 /var/www/todo/vendor/codeigniter4/framework/system/CLI/Console.php(61): CodeIgniter\CodeIgniter->run()
#13 /var/www/todo/spark(66): CodeIgniter\CLI\Console->run()
#14 {main}
ERROR - 2021-02-02 07:30:40 --> Error connecting to the database: Call to undefined function CodeIgniter\Database\MySQLi\mysqli_init()
ERROR - 2021-02-02 07:40:29 --> mysqli_sql_exception: Can't create table `todo`.`todos` (errno: 150 "Foreign key constraint is incorrectly formed") in /var/www/todo/vendor/codeigniter4/framework/system/Database/MySQLi/Connection.php:314
Stack trace:
#0 /var/www/todo/vendor/codeigniter4/framework/system/Database/MySQLi/Connection.php(314): mysqli->query('CREATE TABLE `t...')
#1 /var/www/todo/vendor/codeigniter4/framework/system/Database/BaseConnection.php(713): CodeIgniter\Database\MySQLi\Connection->execute('CREATE TABLE `t...')
#2 /var/www/todo/vendor/codeigniter4/framework/system/Database/BaseConnection.php(641): CodeIgniter\Database\BaseConnection->simpleQuery('CREATE TABLE `t...')
#3 /var/www/todo/vendor/codeigniter4/framework/system/Database/Forge.php(525): CodeIgniter\Database\BaseConnection->query('CREATE TABLE `t...')
#4 /var/www/todo/app/Database/Migrations/2021-02-01-193638_Todo.php(28): CodeIgniter\Database\Forge->createTable('todos')
#5 /var/www/todo/vendor/codeigniter4/framework/system/Database/MigrationRunner.php(1057): App\Database\Migrations\Todo->up()
#6 /var/www/todo/vendor/codeigniter4/framework/system/Database/MigrationRunner.php(202): CodeIgniter\Database\MigrationRunner->migrate('up', Object(stdClass))
#7 /var/www/todo/vendor/codeigniter4/framework/system/Commands/Database/Migrate.php(94): CodeIgniter\Database\MigrationRunner->latest(NULL)
#8 /var/www/todo/vendor/codeigniter4/framework/system/CLI/Commands.php(70): CodeIgniter\Commands\Database\Migrate->run(Array)
#9 /var/www/todo/vendor/codeigniter4/framework/system/CLI/CommandRunner.php(80): CodeIgniter\CLI\Commands->run('migrate', Array)
#10 /var/www/todo/vendor/codeigniter4/framework/system/CLI/CommandRunner.php(58): CodeIgniter\CLI\CommandRunner->index(Array)
#11 /var/www/todo/vendor/codeigniter4/framework/system/CodeIgniter.php(932): CodeIgniter\CLI\CommandRunner->_remap('index', 'migrate')
#12 /var/www/todo/vendor/codeigniter4/framework/system/CodeIgniter.php(432): CodeIgniter\CodeIgniter->runController(Object(CodeIgniter\CLI\CommandRunner))
#13 /var/www/todo/vendor/codeigniter4/framework/system/CodeIgniter.php(333): CodeIgniter\CodeIgniter->handleRequest(NULL, Object(Config\Cache), false)
#14 /var/www/todo/vendor/codeigniter4/framework/system/CLI/Console.php(61): CodeIgniter\CodeIgniter->run()
#15 /var/www/todo/spark(66): CodeIgniter\CLI\Console->run()
#16 {main}
CRITICAL - 2021-02-02 12:57:58 --> Cannot declare class App\Database\Migrations\User, because the name is already in use
#0 [internal function]: CodeIgniter\Debug\Exceptions->shutdownHandler()
#1 {main}
ERROR - 2021-02-02 14:19:03 --> Error connecting to the database: Unknown database 'todo'
ERROR - 2021-02-02 14:29:25 --> Error connecting to the database: Unknown database 'todo'
